[cn6:32433] *** Process received signal ***
[cn6:32433] Signal: Segmentation fault (11)
[cn6:32433] Signal code: Address not mapped (1)
[cn6:32433] Failing at address: (nil)
[cn19:04143] *** Process received signal ***
[cn19:04143] Signal: Segmentation fault (11)
[cn19:04143] Signal code: Address not mapped (1)
[cn19:04143] Failing at address: (nil)
srun: error: cn19: task 5: Segmentation fault
[cn6:32433] [ 0] /usr/lib64/libpthread.so.0(+0xf630)[0x7fce3ce22630]
[cn6:32433] [ 1] /usr/lib64/libc.so.6(+0x14f3b8)[0x7fce3cb943b8]
[cn6:32433] [ 2] /mnt/scratch_b/users/k/katzalis/ece-kNN/./bin/v1[0x404758]
srun: Terminating job step 869386.0
[cn6:32433] [ 3] /mnt/scratch_b/users/k/katzalis/ece-kNN/./bin/v1[0x40150d]
[cn6:32433] [ 4] /usr/lib64/libc.so.6(__libc_start_main+0xf5)[0x7fce3ca67555]
[cn6:32433] [ 5] /mnt/scratch_b/users/k/katzalis/ece-kNN/./bin/v1[0x401665]
[cn6:32433] *** End of error message ***
[cn6:32432] *** Process received signal ***
[cn6:32432] Signal: Segmentation fault (11)
[cn6:32432] Signal code: Address not mapped (1)
[cn6:32432] Failing at address: (nil)
[cn6:32432] [ 0] /usr/lib64/libpthread.so.0(+0xf630)[0x7f2b4e067630]
[cn6:32432] [ 1] /usr/lib64/libc.so.6(+0x14f3b8)[0x7f2b4ddd93b8]
[cn6:32432] [ 2] /mnt/scratch_b/users/k/katzalis/ece-kNN/./bin/v1[0x404758]
[cn6:32432] [ 3] /mnt/scratch_b/users/k/katzalis/ece-kNN/./bin/v1[0x40150d]
[cn6:32432] [ 4] /usr/lib64/libc.so.6(__libc_start_main+0xf5)[0x7f2b4dcac555]
[cn6:32432] [ 5] /mnt/scratch_b/users/k/katzalis/ece-kNN/./bin/v1[0x401665]
[cn6:32432] *** End of error message ***
slurmstepd: error: *** STEP 869386.0 ON cn6 CANCELLED AT 2021-01-11T23:58:32 ***
[cn19:04143] [ 0] /usr/lib64/libpthread.so.0(+0xf630)[0x7fc5f53c7630]
[cn19:04143] [ 1] /usr/lib64/libc.so.6(+0x14f3b8)[0x7fc5f51393b8]
[cn19:04143] [ 2] /mnt/scratch_b/users/k/katzalis/ece-kNN/./bin/v1[0x404758]
[cn19:04143] [ 3] /mnt/scratch_b/users/k/katzalis/ece-kNN/./bin/v1[0x40150d]
[cn19:04143] [ 4] /usr/lib64/libc.so.6(__libc_start_main+0xf5)[0x7fc5f500c555]
[cn19:04143] [ 5] /mnt/scratch_b/users/k/katzalis/ece-kNN/./bin/v1[0x401665]
[cn19:04143] *** End of error message ***
srun: error: cn6: tasks 0-1: Terminated
srun: error: cn6: tasks 2-3: Segmentation fault
srun: error: cn20: tasks 6-7: Terminated
srun: error: cn12: task 4: Terminated
srun: Force Terminated job step 869386.0
